[debug] [2021-10-12T13:27:26.429Z] ----------------------------------------------------------------------
[debug] [2021-10-12T13:27:26.436Z] Command:       C:\Program Files\nodejs\node.exe C:\Users\abhik\AppData\Roaming\npm\node_modules\firebase-tools\lib\bin\firebase.js init
[debug] [2021-10-12T13:27:26.437Z] CLI Version:   9.20.0
[debug] [2021-10-12T13:27:26.437Z] Platform:      win32
[debug] [2021-10-12T13:27:26.437Z] Node Version:  v14.17.3
[debug] [2021-10-12T13:27:26.439Z] Time:          Tue Oct 12 2021 19:27:26 GMT+0600 (Bangladesh Standard Time)
[debug] [2021-10-12T13:27:26.440Z] ----------------------------------------------------------------------
[debug] 
[debug] [2021-10-12T13:27:26.445Z] >>> [apiv2][query] GET https://firebase-public.firebaseio.com/cli.json [none]
[debug] [2021-10-12T13:27:26.496Z] > command requires scopes: ["email","openid","https://www.googleapis.com/auth/cloudplatformprojects.readonly","https://www.googleapis.com/auth/firebase","https://www.googleapis.com/auth/cloud-platform"]
[debug] [2021-10-12T13:27:26.497Z] > authorizing via signed-in user (mdkhalidmahmud1010@gmail.com)
[info] 
     ######## #### ########  ######## ########     ###     ######  ########
     ##        ##  ##     ## ##       ##     ##  ##   ##  ##       ##
     ######    ##  ########  ######   ########  #########  ######  ######
     ##        ##  ##    ##  ##       ##     ## ##     ##       ## ##
     ##       #### ##     ## ######## ########  ##     ##  ######  ########

You're about to initialize a Firebase project in this directory:

  C:\Users\abhik\Music\Final Project\User\chorki

[debug] [2021-10-12T13:27:27.676Z] <<< [apiv2][status] GET https://firebase-public.firebaseio.com/cli.json 200
[debug] [2021-10-12T13:27:27.677Z] <<< [apiv2][body] GET https://firebase-public.firebaseio.com/cli.json {"cloudBuildErrorAfter":1594252800000,"cloudBuildWarnAfter":1590019200000,"defaultNode10After":1594252800000,"minVersion":"3.0.5","node8DeploysDisabledAfter":1613390400000,"node8RuntimeDisabledAfter":1615809600000,"node8WarnAfter":1600128000000}
